<?xml version="1.0" encoding="UTF-8"?>
<testsuite xmlns:xsi="http://www.w3.org/2001/XMLSchema-instance" xsi:noNamespaceSchemaLocation="https://maven.apache.org/surefire/maven-surefire-plugin/xsd/surefire-test-report.xsd" name="net.gilbert.chris.checkout.service.CheckoutServiceSpec" time="0.533" tests="4" errors="2" skipped="0" failures="0">
  <properties>
[...]
</properties>
  <testcase name="Start a new checkout" classname="net.gilbert.chris.checkout.service.CheckoutServiceSpec" time="0.179">
    <error message="Cannot create mock for class net.gilbert.chris.checkout.repository.SpecialOfferRepository because Java mocks cannot mock final classes. If the code under test is written in Groovy, use a Groovy mock." type="org.spockframework.mock.CannotCreateMockException">org.spockframework.mock.CannotCreateMockException: Cannot create mock for class net.gilbert.chris.checkout.repository.SpecialOfferRepository because Java mocks cannot mock final classes. If the code under test is written in Groovy, use a Groovy mock.
	at net.gilbert.chris.checkout.service.CheckoutServiceSpec.Start a new checkout(CheckoutServiceSpec.groovy:19)
</error>
  </testcase>
  <testcase name="Empty basket - known item scanned" classname="net.gilbert.chris.checkout.service.CheckoutServiceSpec" time="0.001">
    <error message="Cannot create mock for class net.gilbert.chris.checkout.domain.PricingRules because Java mocks cannot mock final classes. If the code under test is written in Groovy, use a Groovy mock." type="org.spockframework.mock.CannotCreateMockException">org.spockframework.mock.CannotCreateMockException: Cannot create mock for class net.gilbert.chris.checkout.domain.PricingRules because Java mocks cannot mock final classes. If the code under test is written in Groovy, use a Groovy mock.
	at net.gilbert.chris.checkout.service.CheckoutServiceSpec.Empty basket - known item scanned(CheckoutServiceSpec.groovy:38)
</error>
  </testcase>
  <testcase name="Basket with existing items - known item scanned" classname="net.gilbert.chris.checkout.service.CheckoutServiceSpec" time="0.018"/>
  <testcase name="Unknown item scanned" classname="net.gilbert.chris.checkout.service.CheckoutServiceSpec" time="0"/>
</testsuite>